<?xml version="1.0" encoding="utf-8" standalone="no"?>
<!--This file represents the results of running a test suite-->
<test-results name="C:\Jenkins\workspace\Dynamo\Dynamo\DYN-1822@2\bin\AnyCPU\Release\DisplayTests.dll" total="6" errors="0" failures="0" not-run="0" inconclusive="0" ignored="0" skipped="0" invalid="0" date="2019-08-28" time="17:27:23">
  <environment nunit-version="3.6.0.0" clr-version="4.0.30319.42000" os-version="Microsoft Windows NT 10.0.17134.0" platform="Win32NT" cwd="C:\Program Files (x86)\NUnit.org\nunit-console" machine-name="ECS-145076C1" user="t_hernjes" user-domain="ADS" />
  <culture-info current-culture="en-US" current-uiculture="en-US" />
  <test-suite type="Assembly" name="C:\Jenkins\workspace\Dynamo\Dynamo\DYN-1822@2\bin\AnyCPU\Release\DisplayTests.dll" executed="True" result="Success" success="True" time="1.064" asserts="0">
    <properties>
      <property name="_PID" value="19568" />
      <property name="_APPDOMAIN" value="domain-" />
    </properties>
    <results>
      <test-suite type="Namespace" name="DisplayTests" executed="True" result="Success" success="True" time="1.034" asserts="0">
        <results>
          <test-suite type="TestFixture" name="BySurfaceUvsColorsTests" executed="True" result="Success" success="True" time="1.031" asserts="0">
            <results>
              <test-case name="DisplayTests.BySurfaceUvsColorsTests.BySurfaceUVsColors_Construction_AllGood" executed="True" result="Success" success="True" time="0.886" asserts="1" />
              <test-case name="DisplayTests.BySurfaceUvsColorsTests.BySurfaceUvsColors_Construction_JaggedArrayColors_ThrowsException" executed="True" result="Success" success="True" time="0.023" asserts="1" />
              <test-case name="DisplayTests.BySurfaceUvsColorsTests.BySurfaceUvsColors_Construction_NoColors_ThrowsException" executed="True" result="Success" success="True" time="0.015" asserts="1" />
              <test-case name="DisplayTests.BySurfaceUvsColorsTests.BySurfaceUvsColors_Construction_NullColors_ThrowsException" executed="True" result="Success" success="True" time="0.012" asserts="1" />
              <test-case name="DisplayTests.BySurfaceUvsColorsTests.BySurfaceUvsColors_Construction_NullSurface_ThrowsException" executed="True" result="Success" success="True" time="0.011" asserts="1" />
              <test-case name="DisplayTests.BySurfaceUvsColorsTests.BySurfaceUvsColors_Construction_SingleDimensionColors_ThrowsException" executed="True" result="Success" success="True" time="0.014" asserts="1" />
            </results>
          </test-suite>
        </results>
      </test-suite>
    </results>
  </test-suite>
</test-results>