<?xml version="1.0" encoding="utf-8" standalone="no"?>
<!--This file represents the results of running a test suite-->
<test-results name="C:\Jenkins\workspace\Dynamo\Dynamo\DYN-1822@2\bin\AnyCPU\Release\DSCoreNodesTests.dll" total="16" errors="0" failures="0" not-run="0" inconclusive="0" ignored="0" skipped="0" invalid="0" date="2019-08-28" time="17:27:23">
  <environment nunit-version="3.6.0.0" clr-version="4.0.30319.42000" os-version="Microsoft Windows NT 10.0.17134.0" platform="Win32NT" cwd="C:\Program Files (x86)\NUnit.org\nunit-console" machine-name="ECS-145076C1" user="t_hernjes" user-domain="ADS" />
  <culture-info current-culture="en-US" current-uiculture="en-US" />
  <test-suite type="Assembly" name="C:\Jenkins\workspace\Dynamo\Dynamo\DYN-1822@2\bin\AnyCPU\Release\DSCoreNodesTests.dll" executed="True" result="Success" success="True" time="0.292" asserts="0">
    <properties>
      <property name="_PID" value="3508" />
      <property name="_APPDOMAIN" value="domain-" />
    </properties>
    <results>
      <test-suite type="SetUpFixture" name="DSCoreNodesTests" executed="True" result="Success" success="True" time="0.250" asserts="0">
        <results>
          <test-suite type="TestFixture" name="ComparisonTests" executed="True" result="Success" success="True" time="0.238" asserts="0">
            <results>
              <test-case name="DSCoreNodesTests.ComparisonTests.GreaterThan_Doubles" executed="True" result="Success" success="True" time="0.065" asserts="3">
                <properties>
                  <property name="_CATEGORIES" value="UnitTests" />
                </properties>
              </test-case>
              <test-case name="DSCoreNodesTests.ComparisonTests.GreaterThan_DoublesAndInts" executed="True" result="Success" success="True" time="0.004" asserts="3">
                <properties>
                  <property name="_CATEGORIES" value="UnitTests" />
                </properties>
              </test-case>
              <test-case name="DSCoreNodesTests.ComparisonTests.GreaterThan_Ints" executed="True" result="Success" success="True" time="0.001" asserts="3">
                <properties>
                  <property name="_CATEGORIES" value="UnitTests" />
                </properties>
              </test-case>
              <test-case name="DSCoreNodesTests.ComparisonTests.GreaterThan_Strings" executed="True" result="Success" success="True" time="0.001" asserts="3">
                <properties>
                  <property name="_CATEGORIES" value="UnitTests" />
                </properties>
              </test-case>
              <test-case name="DSCoreNodesTests.ComparisonTests.GreaterThanOrEqual_Doubles" executed="True" result="Success" success="True" time="0.004" asserts="3">
                <properties>
                  <property name="_CATEGORIES" value="UnitTests" />
                </properties>
              </test-case>
              <test-case name="DSCoreNodesTests.ComparisonTests.GreaterThanOrEqual_DoublesAndInts" executed="True" result="Success" success="True" time="0.004" asserts="3">
                <properties>
                  <property name="_CATEGORIES" value="UnitTests" />
                </properties>
              </test-case>
              <test-case name="DSCoreNodesTests.ComparisonTests.GreaterThanOrEqual_Ints" executed="True" result="Success" success="True" time="0.001" asserts="3">
                <properties>
                  <property name="_CATEGORIES" value="UnitTests" />
                </properties>
              </test-case>
              <test-case name="DSCoreNodesTests.ComparisonTests.GreaterThanOrEqual_Strings" executed="True" result="Success" success="True" time="0.001" asserts="3">
                <properties>
                  <property name="_CATEGORIES" value="UnitTests" />
                </properties>
              </test-case>
              <test-case name="DSCoreNodesTests.ComparisonTests.LessThan_Doubles" executed="True" result="Success" success="True" time="0.002" asserts="3">
                <properties>
                  <property name="_CATEGORIES" value="UnitTests" />
                </properties>
              </test-case>
              <test-case name="DSCoreNodesTests.ComparisonTests.LessThan_DoublesAndInts" executed="True" result="Success" success="True" time="0.001" asserts="3">
                <properties>
                  <property name="_CATEGORIES" value="UnitTests" />
                </properties>
              </test-case>
              <test-case name="DSCoreNodesTests.ComparisonTests.LessThan_Ints" executed="True" result="Success" success="True" time="0.001" asserts="3">
                <properties>
                  <property name="_CATEGORIES" value="UnitTests" />
                </properties>
              </test-case>
              <test-case name="DSCoreNodesTests.ComparisonTests.LessThan_Strings" executed="True" result="Success" success="True" time="0.001" asserts="3">
                <properties>
                  <property name="_CATEGORIES" value="UnitTests" />
                </properties>
              </test-case>
              <test-case name="DSCoreNodesTests.ComparisonTests.LessThanOrEqual_Doubles" executed="True" result="Success" success="True" time="0.001" asserts="3">
                <properties>
                  <property name="_CATEGORIES" value="UnitTests" />
                </properties>
              </test-case>
              <test-case name="DSCoreNodesTests.ComparisonTests.LessThanOrEqual_DoublesAndInts" executed="True" result="Success" success="True" time="0.001" asserts="3">
                <properties>
                  <property name="_CATEGORIES" value="UnitTests" />
                </properties>
              </test-case>
              <test-case name="DSCoreNodesTests.ComparisonTests.LessThanOrEqual_Ints" executed="True" result="Success" success="True" time="0.003" asserts="3">
                <properties>
                  <property name="_CATEGORIES" value="UnitTests" />
                </properties>
              </test-case>
              <test-case name="DSCoreNodesTests.ComparisonTests.LessThanOrEqual_Strings" executed="True" result="Success" success="True" time="0.001" asserts="3">
                <properties>
                  <property name="_CATEGORIES" value="UnitTests" />
                </properties>
              </test-case>
            </results>
          </test-suite>
        </results>
      </test-suite>
    </results>
  </test-suite>
</test-results>