<?xml version="1.0" encoding="utf-8" standalone="no"?>
<!--This file represents the results of running a test suite-->
<test-results name="C:\Jenkins\workspace\Dynamo\Dynamo\DYN-1822@2\bin\AnyCPU\Release\DSCoreNodesTests.dll" total="10" errors="0" failures="0" not-run="0" inconclusive="0" ignored="0" skipped="0" invalid="0" date="2019-08-28" time="17:27:22">
  <environment nunit-version="3.6.0.0" clr-version="4.0.30319.42000" os-version="Microsoft Windows NT 10.0.17134.0" platform="Win32NT" cwd="C:\Program Files (x86)\NUnit.org\nunit-console" machine-name="ECS-145076C1" user="t_hernjes" user-domain="ADS" />
  <culture-info current-culture="en-US" current-uiculture="en-US" />
  <test-suite type="Assembly" name="C:\Jenkins\workspace\Dynamo\Dynamo\DYN-1822@2\bin\AnyCPU\Release\DSCoreNodesTests.dll" executed="True" result="Success" success="True" time="0.342" asserts="0">
    <properties>
      <property name="_PID" value="18964" />
      <property name="_APPDOMAIN" value="domain-" />
    </properties>
    <results>
      <test-suite type="SetUpFixture" name="DSCoreNodesTests" executed="True" result="Success" success="True" time="0.311" asserts="0">
        <results>
          <test-suite type="TestFixture" name="MathTests" executed="True" result="Success" success="True" time="0.297" asserts="0">
            <results>
              <test-case name="DSCoreNodesTests.MathTests.Factorial" executed="True" result="Success" success="True" time="0.100" asserts="4">
                <properties>
                  <property name="_CATEGORIES" value="UnitTests" />
                </properties>
              </test-case>
              <test-case name="DSCoreNodesTests.MathTests.GoldenRatio" executed="True" result="Success" success="True" time="0.005" asserts="1">
                <properties>
                  <property name="_CATEGORIES" value="UnitTests" />
                </properties>
              </test-case>
              <test-case name="DSCoreNodesTests.MathTests.Log" executed="True" result="Success" success="True" time="0.001" asserts="1">
                <properties>
                  <property name="_CATEGORIES" value="UnitTests" />
                </properties>
              </test-case>
              <test-case name="DSCoreNodesTests.MathTests.Log_Infinity" executed="True" result="Success" success="True" time="0.003" asserts="1">
                <properties>
                  <property name="_CATEGORIES" value="UnitTests" />
                </properties>
              </test-case>
              <test-case name="DSCoreNodesTests.MathTests.Log_NegativeInput" executed="True" result="Success" success="True" time="0.000" asserts="1">
                <properties>
                  <property name="_CATEGORIES" value="UnitTests" />
                </properties>
              </test-case>
              <test-case name="DSCoreNodesTests.MathTests.Map" executed="True" result="Success" success="True" time="0.001" asserts="2">
                <properties>
                  <property name="_CATEGORIES" value="UnitTests" />
                </properties>
              </test-case>
              <test-case name="DSCoreNodesTests.MathTests.MapTo" executed="True" result="Success" success="True" time="0.003" asserts="2">
                <properties>
                  <property name="_CATEGORIES" value="UnitTests" />
                </properties>
              </test-case>
              <test-case name="DSCoreNodesTests.MathTests.Sum" executed="True" result="Success" success="True" time="0.017" asserts="5">
                <properties>
                  <property name="_CATEGORIES" value="UnitTests" />
                </properties>
              </test-case>
              <test-case name="DSCoreNodesTests.MathTests.Tan_NaN" executed="True" result="Success" success="True" time="0.003" asserts="1">
                <properties>
                  <property name="_CATEGORIES" value="UnitTests" />
                </properties>
              </test-case>
              <test-case name="DSCoreNodesTests.MathTests.Test_RemapRange" executed="True" result="Success" success="True" time="0.037" asserts="5">
                <properties>
                  <property name="_CATEGORIES" value="UnitTests" />
                </properties>
              </test-case>
            </results>
          </test-suite>
        </results>
      </test-suite>
    </results>
  </test-suite>
</test-results>