<?xml version="1.0" encoding="utf-8" standalone="no"?>
<!--This file represents the results of running a test suite-->
<test-results name="C:\Jenkins\workspace\Dynamo\Dynamo\DYN-1822@2\bin\AnyCPU\Release\DSCoreNodesTests.dll" total="13" errors="0" failures="0" not-run="0" inconclusive="0" ignored="0" skipped="0" invalid="0" date="2019-08-28" time="17:27:22">
  <environment nunit-version="3.6.0.0" clr-version="4.0.30319.42000" os-version="Microsoft Windows NT 10.0.17134.0" platform="Win32NT" cwd="C:\Program Files (x86)\NUnit.org\nunit-console" machine-name="ECS-145076C1" user="t_hernjes" user-domain="ADS" />
  <culture-info current-culture="en-US" current-uiculture="en-US" />
  <test-suite type="Assembly" name="C:\Jenkins\workspace\Dynamo\Dynamo\DYN-1822@2\bin\AnyCPU\Release\DSCoreNodesTests.dll" executed="True" result="Success" success="True" time="0.295" asserts="0">
    <properties>
      <property name="_PID" value="20764" />
      <property name="_APPDOMAIN" value="domain-" />
    </properties>
    <results>
      <test-suite type="SetUpFixture" name="DSCoreNodesTests" executed="True" result="Success" success="True" time="0.254" asserts="0">
        <results>
          <test-suite type="TestFixture" name="DateTimeTests" executed="True" result="Success" success="True" time="0.240" asserts="0">
            <results>
              <test-case name="DSCoreNodesTests.DateTimeTests.DateTimeComponents" executed="True" result="Success" success="True" time="0.080" asserts="1">
                <properties>
                  <property name="_CATEGORIES" value="UnitTests" />
                </properties>
              </test-case>
              <test-case name="DSCoreNodesTests.DateTimeTests.DateTimeWrappers" executed="True" result="Success" success="True" time="0.013" asserts="13">
                <properties>
                  <property name="_CATEGORIES" value="UnitTests" />
                </properties>
              </test-case>
              <test-case name="DSCoreNodesTests.DateTimeTests.MaxValueTimeSpan" executed="True" result="Success" success="True" time="0.001" asserts="1">
                <properties>
                  <property name="_CATEGORIES" value="UnitTests" />
                </properties>
              </test-case>
              <test-case name="DSCoreNodesTests.DateTimeTests.MinValueTimeSpan" executed="True" result="Success" success="True" time="0.001" asserts="1">
                <properties>
                  <property name="_CATEGORIES" value="UnitTests" />
                </properties>
              </test-case>
              <test-case name="DSCoreNodesTests.DateTimeTests.NegateTimeSpan" executed="True" result="Success" success="True" time="0.001" asserts="1">
                <properties>
                  <property name="_CATEGORIES" value="UnitTests" />
                </properties>
              </test-case>
              <test-case name="DSCoreNodesTests.DateTimeTests.TestDateTime_DayOfWeek" executed="True" result="Success" success="True" time="0.008" asserts="7">
                <properties>
                  <property name="_CATEGORIES" value="UnitTests" />
                </properties>
              </test-case>
              <test-case name="DSCoreNodesTests.DateTimeTests.TestDateTime_Format" executed="True" result="Success" success="True" time="0.003" asserts="1">
                <properties>
                  <property name="_CATEGORIES" value="UnitTests" />
                </properties>
              </test-case>
              <test-case name="DSCoreNodesTests.DateTimeTests.TestDateTime_Today" executed="True" result="Success" success="True" time="0.001" asserts="1">
                <properties>
                  <property name="_CATEGORIES" value="UnitTests" />
                </properties>
              </test-case>
              <test-case name="DSCoreNodesTests.DateTimeTests.TimeSpanComponents" executed="True" result="Success" success="True" time="0.003" asserts="1">
                <properties>
                  <property name="_CATEGORIES" value="UnitTests" />
                </properties>
              </test-case>
              <test-case name="DSCoreNodesTests.DateTimeTests.TimeSpanCreation" executed="True" result="Success" success="True" time="0.002" asserts="1">
                <properties>
                  <property name="_CATEGORIES" value="UnitTests" />
                </properties>
              </test-case>
              <test-case name="DSCoreNodesTests.DateTimeTests.TimeSpanScaling" executed="True" result="Success" success="True" time="0.001" asserts="1">
                <properties>
                  <property name="_CATEGORIES" value="UnitTests" />
                </properties>
              </test-case>
              <test-case name="DSCoreNodesTests.DateTimeTests.TimeSpanWrappers" executed="True" result="Success" success="True" time="0.010" asserts="10">
                <properties>
                  <property name="_CATEGORIES" value="UnitTests" />
                </properties>
              </test-case>
              <test-case name="DSCoreNodesTests.DateTimeTests.ZeroTimeSpan" executed="True" result="Success" success="True" time="0.001" asserts="1">
                <properties>
                  <property name="_CATEGORIES" value="UnitTests" />
                </properties>
              </test-case>
            </results>
          </test-suite>
        </results>
      </test-suite>
    </results>
  </test-suite>
</test-results>